<?xml version="1.0" encoding="UTF-8"?>
<testsuite xmlns:xsi="http://www.w3.org/2001/XMLSchema-instance" xsi:noNamespaceSchemaLocation="https://maven.apache.org/surefire/maven-surefire-plugin/xsd/surefire-test-report.xsd" name="com.muyangren.BootBatchDownloadWordApplicationTests" time="1.746" tests="1" errors="0" skipped="0" failures="0">
  <properties>
    <property name="sun.desktop" value="windows"/>
    <property name="awt.toolkit" value="sun.awt.windows.WToolkit"/>
    <property name="file.encoding.pkg" value="sun.io"/>
    <property name="java.specification.version" value="1.8"/>
    <property name="sun.cpu.isalist" value="amd64"/>
    <property name="sun.jnu.encoding" value="GBK"/>
    <property name="java.class.path" value="D:\ownProject\boot-batch-download-word\target\test-classes;D:\ownProject\boot-batch-download-word\target\classes;D:\apache-maven-3.3.9\repository\org\springframework\boot\spring-boot-starter-web\2.3.3.RELEASE\spring-boot-starter-web-2.3.3.RELEASE.jar;D:\apache-maven-3.3.9\repository\org\springframework\boot\spring-boot-starter\2.3.3.RELEASE\spring-boot-starter-2.3.3.RELEASE.jar;D:\apache-maven-3.3.9\repository\org\springframework\boot\spring-boot-starter-logging\2.3.3.RELEASE\spring-boot-starter-logging-2.3.3.RELEASE.jar;D:\apache-maven-3.3.9\repository\ch\qos\logback\logback-classic\1.2.3\logback-classic-1.2.3.jar;D:\apache-maven-3.3.9\repository\ch\qos\logback\logback-core\1.2.3\logback-core-1.2.3.jar;D:\apache-maven-3.3.9\repository\org\apache\logging\log4j\log4j-to-slf4j\2.13.3\log4j-to-slf4j-2.13.3.jar;D:\apache-maven-3.3.9\repository\org\apache\logging\log4j\log4j-api\2.13.3\log4j-api-2.13.3.jar;D:\apache-maven-3.3.9\repository\org\slf4j\jul-to-slf4j\1.7.30\jul-to-slf4j-1.7.30.jar;D:\apache-maven-3.3.9\repository\jakarta\annotation\jakarta.annotation-api\1.3.5\jakarta.annotation-api-1.3.5.jar;D:\apache-maven-3.3.9\repository\org\yaml\snakeyaml\1.26\snakeyaml-1.26.jar;D:\apache-maven-3.3.9\repository\org\springframework\boot\spring-boot-starter-json\2.3.3.RELEASE\spring-boot-starter-json-2.3.3.RELEASE.jar;D:\apache-maven-3.3.9\repository\com\fasterxml\jackson\core\jackson-databind\2.11.2\jackson-databind-2.11.2.jar;D:\apache-maven-3.3.9\repository\com\fasterxml\jackson\core\jackson-annotations\2.11.2\jackson-annotations-2.11.2.jar;D:\apache-maven-3.3.9\repository\com\fasterxml\jackson\core\jackson-core\2.11.2\jackson-core-2.11.2.jar;D:\apache-maven-3.3.9\repository\com\fasterxml\jackson\datatype\jackson-datatype-jdk8\2.11.2\jackson-datatype-jdk8-2.11.2.jar;D:\apache-maven-3.3.9\repository\com\fasterxml\jackson\datatype\jackson-datatype-jsr310\2.11.2\jackson-datatype-jsr310-2.11.2.jar;D:\apache-maven-3.3.9\repository\com\fasterxml\jackson\module\jackson-module-parameter-names\2.11.2\jackson-module-parameter-names-2.11.2.jar;D:\apache-maven-3.3.9\repository\org\springframework\boot\spring-boot-starter-tomcat\2.3.3.RELEASE\spring-boot-starter-tomcat-2.3.3.RELEASE.jar;D:\apache-maven-3.3.9\repository\org\apache\tomcat\embed\tomcat-embed-core\9.0.37\tomcat-embed-core-9.0.37.jar;D:\apache-maven-3.3.9\repository\org\glassfish\jakarta.el\3.0.3\jakarta.el-3.0.3.jar;D:\apache-maven-3.3.9\repository\org\apache\tomcat\embed\tomcat-embed-websocket\9.0.37\tomcat-embed-websocket-9.0.37.jar;D:\apache-maven-3.3.9\repository\org\springframework\spring-web\5.2.8.RELEASE\spring-web-5.2.8.RELEASE.jar;D:\apache-maven-3.3.9\repository\org\springframework\spring-beans\5.2.8.RELEASE\spring-beans-5.2.8.RELEASE.jar;D:\apache-maven-3.3.9\repository\org\springframework\spring-webmvc\5.2.8.RELEASE\spring-webmvc-5.2.8.RELEASE.jar;D:\apache-maven-3.3.9\repository\org\springframework\spring-aop\5.2.8.RELEASE\spring-aop-5.2.8.RELEASE.jar;D:\apache-maven-3.3.9\repository\org\springframework\spring-context\5.2.8.RELEASE\spring-context-5.2.8.RELEASE.jar;D:\apache-maven-3.3.9\repository\org\springframework\spring-expression\5.2.8.RELEASE\spring-expression-5.2.8.RELEASE.jar;D:\apache-maven-3.3.9\repository\org\springframework\boot\spring-boot-devtools\2.3.3.RELEASE\spring-boot-devtools-2.3.3.RELEASE.jar;D:\apache-maven-3.3.9\repository\org\springframework\boot\spring-boot\2.3.3.RELEASE\spring-boot-2.3.3.RELEASE.jar;D:\apache-maven-3.3.9\repository\org\springframework\boot\spring-boot-autoconfigure\2.3.3.RELEASE\spring-boot-autoconfigure-2.3.3.RELEASE.jar;D:\apache-maven-3.3.9\repository\org\projectlombok\lombok\1.18.12\lombok-1.18.12.jar;D:\apache-maven-3.3.9\repository\org\springframework\boot\spring-boot-starter-test\2.3.3.RELEASE\spring-boot-starter-test-2.3.3.RELEASE.jar;D:\apache-maven-3.3.9\repository\org\springframework\boot\spring-boot-test\2.3.3.RELEASE\spring-boot-test-2.3.3.RELEASE.jar;D:\apache-maven-3.3.9\repository\org\springframework\boot\spring-boot-test-autoconfigure\2.3.3.RELEASE\spring-boot-test-autoconfigure-2.3.3.RELEASE.jar;D:\apache-maven-3.3.9\repository\com\jayway\jsonpath\json-path\2.4.0\json-path-2.4.0.jar;D:\apache-maven-3.3.9\repository\net\minidev\json-smart\2.3\json-smart-2.3.jar;D:\apache-maven-3.3.9\repository\net\minidev\accessors-smart\1.2\accessors-smart-1.2.jar;D:\apache-maven-3.3.9\repository\org\ow2\asm\asm\5.0.4\asm-5.0.4.jar;D:\apache-maven-3.3.9\repository\org\slf4j\slf4j-api\1.7.30\slf4j-api-1.7.30.jar;D:\apache-maven-3.3.9\repository\jakarta\xml\bind\jakarta.xml.bind-api\2.3.3\jakarta.xml.bind-api-2.3.3.jar;D:\apache-maven-3.3.9\repository\jakarta\activation\jakarta.activation-api\1.2.2\jakarta.activation-api-1.2.2.jar;D:\apache-maven-3.3.9\repository\org\assertj\assertj-core\3.16.1\assertj-core-3.16.1.jar;D:\apache-maven-3.3.9\repository\org\hamcrest\hamcrest\2.2\hamcrest-2.2.jar;D:\apache-maven-3.3.9\repository\org\junit\jupiter\junit-jupiter\5.6.2\junit-jupiter-5.6.2.jar;D:\apache-maven-3.3.9\repository\org\junit\jupiter\junit-jupiter-api\5.6.2\junit-jupiter-api-5.6.2.jar;D:\apache-maven-3.3.9\repository\org\opentest4j\opentest4j\1.2.0\opentest4j-1.2.0.jar;D:\apache-maven-3.3.9\repository\org\junit\platform\junit-platform-commons\1.6.2\junit-platform-commons-1.6.2.jar;D:\apache-maven-3.3.9\repository\org\junit\jupiter\junit-jupiter-params\5.6.2\junit-jupiter-params-5.6.2.jar;D:\apache-maven-3.3.9\repository\org\junit\jupiter\junit-jupiter-engine\5.6.2\junit-jupiter-engine-5.6.2.jar;D:\apache-maven-3.3.9\repository\org\junit\vintage\junit-vintage-engine\5.6.2\junit-vintage-engine-5.6.2.jar;D:\apache-maven-3.3.9\repository\org\apiguardian\apiguardian-api\1.1.0\apiguardian-api-1.1.0.jar;D:\apache-maven-3.3.9\repository\org\junit\platform\junit-platform-engine\1.6.2\junit-platform-engine-1.6.2.jar;D:\apache-maven-3.3.9\repository\junit\junit\4.13\junit-4.13.jar;D:\apache-maven-3.3.9\repository\org\mockito\mockito-core\3.3.3\mockito-core-3.3.3.jar;D:\apache-maven-3.3.9\repository\net\bytebuddy\byte-buddy\1.10.14\byte-buddy-1.10.14.jar;D:\apache-maven-3.3.9\repository\net\bytebuddy\byte-buddy-agent\1.10.14\byte-buddy-agent-1.10.14.jar;D:\apache-maven-3.3.9\repository\org\objenesis\objenesis\2.6\objenesis-2.6.jar;D:\apache-maven-3.3.9\repository\org\mockito\mockito-junit-jupiter\3.3.3\mockito-junit-jupiter-3.3.3.jar;D:\apache-maven-3.3.9\repository\org\skyscreamer\jsonassert\1.5.0\jsonassert-1.5.0.jar;D:\apache-maven-3.3.9\repository\com\vaadin\external\google\android-json\0.0.20131108.vaadin1\android-json-0.0.20131108.vaadin1.jar;D:\apache-maven-3.3.9\repository\org\springframework\spring-core\5.2.8.RELEASE\spring-core-5.2.8.RELEASE.jar;D:\apache-maven-3.3.9\repository\org\springframework\spring-jcl\5.2.8.RELEASE\spring-jcl-5.2.8.RELEASE.jar;D:\apache-maven-3.3.9\repository\org\springframework\spring-test\5.2.8.RELEASE\spring-test-5.2.8.RELEASE.jar;D:\apache-maven-3.3.9\repository\org\xmlunit\xmlunit-core\2.7.0\xmlunit-core-2.7.0.jar;D:\apache-maven-3.3.9\repository\org\apache\poi\poi\4.1.2\poi-4.1.2.jar;D:\apache-maven-3.3.9\repository\commons-codec\commons-codec\1.14\commons-codec-1.14.jar;D:\apache-maven-3.3.9\repository\org\apache\commons\commons-collections4\4.4\commons-collections4-4.4.jar;D:\apache-maven-3.3.9\repository\org\apache\commons\commons-math3\3.6.1\commons-math3-3.6.1.jar;D:\apache-maven-3.3.9\repository\com\zaxxer\SparseBitSet\1.2\SparseBitSet-1.2.jar;D:\apache-maven-3.3.9\repository\org\apache\poi\poi-ooxml-schemas\4.1.2\poi-ooxml-schemas-4.1.2.jar;D:\apache-maven-3.3.9\repository\org\apache\xmlbeans\xmlbeans\3.1.0\xmlbeans-3.1.0.jar;D:\apache-maven-3.3.9\repository\org\apache\poi\poi-ooxml\4.1.2\poi-ooxml-4.1.2.jar;D:\apache-maven-3.3.9\repository\org\apache\commons\commons-compress\1.19\commons-compress-1.19.jar;D:\apache-maven-3.3.9\repository\com\github\virtuald\curvesapi\1.06\curvesapi-1.06.jar;D:\apache-maven-3.3.9\repository\fr\opensagres\xdocreport\xdocreport\2.0.2\xdocreport-2.0.2.jar;D:\apache-maven-3.3.9\repository\org\apache\poi\poi-scratchpad\4.1.2\poi-scratchpad-4.1.2.jar;D:\apache-maven-3.3.9\repository\io\github\draco1023\poi-tl-ext\0.4.2\poi-tl-ext-0.4.2.jar;D:\apache-maven-3.3.9\repository\com\deepoove\poi-tl\1.9.1\poi-tl-1.9.1.jar;D:\apache-maven-3.3.9\repository\org\apache\poi\ooxml-schemas\1.4\ooxml-schemas-1.4.jar;D:\apache-maven-3.3.9\repository\org\apache\commons\commons-lang3\3.10\commons-lang3-3.10.jar;D:\apache-maven-3.3.9\repository\commons-io\commons-io\2.11.0\commons-io-2.11.0.jar;D:\apache-maven-3.3.9\repository\net\sourceforge\cssparser\cssparser\0.9.29\cssparser-0.9.29.jar;D:\apache-maven-3.3.9\repository\org\w3c\css\sac\1.3\sac-1.3.jar;D:\apache-maven-3.3.9\repository\net\sf\saxon\Saxon-HE\11.4\Saxon-HE-11.4.jar;D:\apache-maven-3.3.9\repository\org\xmlresolver\xmlresolver\4.4.3\xmlresolver-4.4.3.jar;D:\apache-maven-3.3.9\repository\org\apache\httpcomponents\client5\httpclient5\5.1.3\httpclient5-5.1.3.jar;D:\apache-maven-3.3.9\repository\org\apache\httpcomponents\core5\httpcore5-h2\5.1.3\httpcore5-h2-5.1.3.jar;D:\apache-maven-3.3.9\repository\org\apache\httpcomponents\core5\httpcore5\5.1.3\httpcore5-5.1.3.jar;D:\apache-maven-3.3.9\repository\xml-apis\xml-apis\1.4.01\xml-apis-1.4.01.jar;D:\apache-maven-3.3.9\repository\org\xmlresolver\xmlresolver\4.4.3\xmlresolver-4.4.3-data.jar;D:\apache-maven-3.3.9\repository\de\rototor\snuggletex\snuggletex-core\1.3.0\snuggletex-core-1.3.0.jar;D:\apache-maven-3.3.9\repository\com\twelvemonkeys\imageio\imageio-batik\3.8.3\imageio-batik-3.8.3.jar;D:\apache-maven-3.3.9\repository\com\twelvemonkeys\imageio\imageio-core\3.8.3\imageio-core-3.8.3.jar;D:\apache-maven-3.3.9\repository\com\twelvemonkeys\common\common-lang\3.8.3\common-lang-3.8.3.jar;D:\apache-maven-3.3.9\repository\com\twelvemonkeys\common\common-io\3.8.3\common-io-3.8.3.jar;D:\apache-maven-3.3.9\repository\com\twelvemonkeys\common\common-image\3.8.3\common-image-3.8.3.jar;D:\apache-maven-3.3.9\repository\org\apache\xmlgraphics\batik-rasterizer-ext\1.15\batik-rasterizer-ext-1.15.jar;D:\apache-maven-3.3.9\repository\org\apache\xmlgraphics\batik-shared-resources\1.15\batik-shared-resources-1.15.jar;D:\apache-maven-3.3.9\repository\org\apache\xmlgraphics\batik-svgrasterizer\1.15\batik-svgrasterizer-1.15.jar;D:\apache-maven-3.3.9\repository\org\apache\xmlgraphics\batik-parser\1.15\batik-parser-1.15.jar;D:\apache-maven-3.3.9\repository\org\apache\xmlgraphics\batik-xml\1.15\batik-xml-1.15.jar;D:\apache-maven-3.3.9\repository\org\apache\xmlgraphics\batik-transcoder\1.15\batik-transcoder-1.15.jar;D:\apache-maven-3.3.9\repository\org\apache\xmlgraphics\batik-svggen\1.15\batik-svggen-1.15.jar;D:\apache-maven-3.3.9\repository\org\apache\xmlgraphics\batik-util\1.15\batik-util-1.15.jar;D:\apache-maven-3.3.9\repository\org\apache\xmlgraphics\batik-constants\1.15\batik-constants-1.15.jar;D:\apache-maven-3.3.9\repository\org\apache\xmlgraphics\batik-i18n\1.15\batik-i18n-1.15.jar;D:\apache-maven-3.3.9\repository\org\apache\xmlgraphics\batik-codec\1.15\batik-codec-1.15.jar;D:\apache-maven-3.3.9\repository\org\apache\xmlgraphics\batik-extension\1.15\batik-extension-1.15.jar;D:\apache-maven-3.3.9\repository\org\apache\xmlgraphics\batik-anim\1.15\batik-anim-1.15.jar;D:\apache-maven-3.3.9\repository\org\apache\xmlgraphics\batik-awt-util\1.15\batik-awt-util-1.15.jar;D:\apache-maven-3.3.9\repository\org\apache\xmlgraphics\xmlgraphics-commons\2.7\xmlgraphics-commons-2.7.jar;D:\apache-maven-3.3.9\repository\commons-logging\commons-logging\1.0.4\commons-logging-1.0.4.jar;D:\apache-maven-3.3.9\repository\org\apache\xmlgraphics\batik-bridge\1.15\batik-bridge-1.15.jar;D:\apache-maven-3.3.9\repository\org\apache\xmlgraphics\batik-script\1.15\batik-script-1.15.jar;D:\apache-maven-3.3.9\repository\org\apache\xmlgraphics\batik-css\1.15\batik-css-1.15.jar;D:\apache-maven-3.3.9\repository\org\apache\xmlgraphics\batik-dom\1.15\batik-dom-1.15.jar;D:\apache-maven-3.3.9\repository\org\apache\xmlgraphics\batik-ext\1.15\batik-ext-1.15.jar;D:\apache-maven-3.3.9\repository\org\apache\xmlgraphics\batik-gvt\1.15\batik-gvt-1.15.jar;D:\apache-maven-3.3.9\repository\org\apache\xmlgraphics\batik-svg-dom\1.15\batik-svg-dom-1.15.jar;D:\apache-maven-3.3.9\repository\xml-apis\xml-apis-ext\1.3.04\xml-apis-ext-1.3.04.jar;D:\apache-maven-3.3.9\repository\org\jsoup\jsoup\1.15.3\jsoup-1.15.3.jar;"/>
    <property name="java.vm.vendor" value="Oracle Corporation"/>
    <property name="sun.arch.data.model" value="64"/>
    <property name="user.variant" value=""/>
    <property name="java.vendor.url" value="http://java.oracle.com/"/>
    <property name="user.timezone" value="GMT+08:00"/>
    <property name="java.vm.specification.version" value="1.8"/>
    <property name="os.name" value="Windows 10"/>
    <property name="user.country" value="CN"/>
    <property name="sun.java.launcher" value="SUN_STANDARD"/>
    <property name="sun.boot.library.path" value="D:\JavaTools\jdk8\jre\bin"/>
    <property name="sun.java.command" value="C:\Users\GUANGS~1\AppData\Local\Temp\surefire2601456003333042829\surefirebooter4531715101939812658.jar C:\Users\guangsheng\AppData\Local\Temp\surefire2601456003333042829 2023-04-03T17-20-27_902-jvmRun1 surefire7628975521670513653tmp surefire_03571789356022023525tmp"/>
    <property name="surefire.test.class.path" value="D:\ownProject\boot-batch-download-word\target\test-classes;D:\ownProject\boot-batch-download-word\target\classes;D:\apache-maven-3.3.9\repository\org\springframework\boot\spring-boot-starter-web\2.3.3.RELEASE\spring-boot-starter-web-2.3.3.RELEASE.jar;D:\apache-maven-3.3.9\repository\org\springframework\boot\spring-boot-starter\2.3.3.RELEASE\spring-boot-starter-2.3.3.RELEASE.jar;D:\apache-maven-3.3.9\repository\org\springframework\boot\spring-boot-starter-logging\2.3.3.RELEASE\spring-boot-starter-logging-2.3.3.RELEASE.jar;D:\apache-maven-3.3.9\repository\ch\qos\logback\logback-classic\1.2.3\logback-classic-1.2.3.jar;D:\apache-maven-3.3.9\repository\ch\qos\logback\logback-core\1.2.3\logback-core-1.2.3.jar;D:\apache-maven-3.3.9\repository\org\apache\logging\log4j\log4j-to-slf4j\2.13.3\log4j-to-slf4j-2.13.3.jar;D:\apache-maven-3.3.9\repository\org\apache\logging\log4j\log4j-api\2.13.3\log4j-api-2.13.3.jar;D:\apache-maven-3.3.9\repository\org\slf4j\jul-to-slf4j\1.7.30\jul-to-slf4j-1.7.30.jar;D:\apache-maven-3.3.9\repository\jakarta\annotation\jakarta.annotation-api\1.3.5\jakarta.annotation-api-1.3.5.jar;D:\apache-maven-3.3.9\repository\org\yaml\snakeyaml\1.26\snakeyaml-1.26.jar;D:\apache-maven-3.3.9\repository\org\springframework\boot\spring-boot-starter-json\2.3.3.RELEASE\spring-boot-starter-json-2.3.3.RELEASE.jar;D:\apache-maven-3.3.9\repository\com\fasterxml\jackson\core\jackson-databind\2.11.2\jackson-databind-2.11.2.jar;D:\apache-maven-3.3.9\repository\com\fasterxml\jackson\core\jackson-annotations\2.11.2\jackson-annotations-2.11.2.jar;D:\apache-maven-3.3.9\repository\com\fasterxml\jackson\core\jackson-core\2.11.2\jackson-core-2.11.2.jar;D:\apache-maven-3.3.9\repository\com\fasterxml\jackson\datatype\jackson-datatype-jdk8\2.11.2\jackson-datatype-jdk8-2.11.2.jar;D:\apache-maven-3.3.9\repository\com\fasterxml\jackson\datatype\jackson-datatype-jsr310\2.11.2\jackson-datatype-jsr310-2.11.2.jar;D:\apache-maven-3.3.9\repository\com\fasterxml\jackson\module\jackson-module-parameter-names\2.11.2\jackson-module-parameter-names-2.11.2.jar;D:\apache-maven-3.3.9\repository\org\springframework\boot\spring-boot-starter-tomcat\2.3.3.RELEASE\spring-boot-starter-tomcat-2.3.3.RELEASE.jar;D:\apache-maven-3.3.9\repository\org\apache\tomcat\embed\tomcat-embed-core\9.0.37\tomcat-embed-core-9.0.37.jar;D:\apache-maven-3.3.9\repository\org\glassfish\jakarta.el\3.0.3\jakarta.el-3.0.3.jar;D:\apache-maven-3.3.9\repository\org\apache\tomcat\embed\tomcat-embed-websocket\9.0.37\tomcat-embed-websocket-9.0.37.jar;D:\apache-maven-3.3.9\repository\org\springframework\spring-web\5.2.8.RELEASE\spring-web-5.2.8.RELEASE.jar;D:\apache-maven-3.3.9\repository\org\springframework\spring-beans\5.2.8.RELEASE\spring-beans-5.2.8.RELEASE.jar;D:\apache-maven-3.3.9\repository\org\springframework\spring-webmvc\5.2.8.RELEASE\spring-webmvc-5.2.8.RELEASE.jar;D:\apache-maven-3.3.9\repository\org\springframework\spring-aop\5.2.8.RELEASE\spring-aop-5.2.8.RELEASE.jar;D:\apache-maven-3.3.9\repository\org\springframework\spring-context\5.2.8.RELEASE\spring-context-5.2.8.RELEASE.jar;D:\apache-maven-3.3.9\repository\org\springframework\spring-expression\5.2.8.RELEASE\spring-expression-5.2.8.RELEASE.jar;D:\apache-maven-3.3.9\repository\org\springframework\boot\spring-boot-devtools\2.3.3.RELEASE\spring-boot-devtools-2.3.3.RELEASE.jar;D:\apache-maven-3.3.9\repository\org\springframework\boot\spring-boot\2.3.3.RELEASE\spring-boot-2.3.3.RELEASE.jar;D:\apache-maven-3.3.9\repository\org\springframework\boot\spring-boot-autoconfigure\2.3.3.RELEASE\spring-boot-autoconfigure-2.3.3.RELEASE.jar;D:\apache-maven-3.3.9\repository\org\projectlombok\lombok\1.18.12\lombok-1.18.12.jar;D:\apache-maven-3.3.9\repository\org\springframework\boot\spring-boot-starter-test\2.3.3.RELEASE\spring-boot-starter-test-2.3.3.RELEASE.jar;D:\apache-maven-3.3.9\repository\org\springframework\boot\spring-boot-test\2.3.3.RELEASE\spring-boot-test-2.3.3.RELEASE.jar;D:\apache-maven-3.3.9\repository\org\springframework\boot\spring-boot-test-autoconfigure\2.3.3.RELEASE\spring-boot-test-autoconfigure-2.3.3.RELEASE.jar;D:\apache-maven-3.3.9\repository\com\jayway\jsonpath\json-path\2.4.0\json-path-2.4.0.jar;D:\apache-maven-3.3.9\repository\net\minidev\json-smart\2.3\json-smart-2.3.jar;D:\apache-maven-3.3.9\repository\net\minidev\accessors-smart\1.2\accessors-smart-1.2.jar;D:\apache-maven-3.3.9\repository\org\ow2\asm\asm\5.0.4\asm-5.0.4.jar;D:\apache-maven-3.3.9\repository\org\slf4j\slf4j-api\1.7.30\slf4j-api-1.7.30.jar;D:\apache-maven-3.3.9\repository\jakarta\xml\bind\jakarta.xml.bind-api\2.3.3\jakarta.xml.bind-api-2.3.3.jar;D:\apache-maven-3.3.9\repository\jakarta\activation\jakarta.activation-api\1.2.2\jakarta.activation-api-1.2.2.jar;D:\apache-maven-3.3.9\repository\org\assertj\assertj-core\3.16.1\assertj-core-3.16.1.jar;D:\apache-maven-3.3.9\repository\org\hamcrest\hamcrest\2.2\hamcrest-2.2.jar;D:\apache-maven-3.3.9\repository\org\junit\jupiter\junit-jupiter\5.6.2\junit-jupiter-5.6.2.jar;D:\apache-maven-3.3.9\repository\org\junit\jupiter\junit-jupiter-api\5.6.2\junit-jupiter-api-5.6.2.jar;D:\apache-maven-3.3.9\repository\org\opentest4j\opentest4j\1.2.0\opentest4j-1.2.0.jar;D:\apache-maven-3.3.9\repository\org\junit\platform\junit-platform-commons\1.6.2\junit-platform-commons-1.6.2.jar;D:\apache-maven-3.3.9\repository\org\junit\jupiter\junit-jupiter-params\5.6.2\junit-jupiter-params-5.6.2.jar;D:\apache-maven-3.3.9\repository\org\junit\jupiter\junit-jupiter-engine\5.6.2\junit-jupiter-engine-5.6.2.jar;D:\apache-maven-3.3.9\repository\org\junit\vintage\junit-vintage-engine\5.6.2\junit-vintage-engine-5.6.2.jar;D:\apache-maven-3.3.9\repository\org\apiguardian\apiguardian-api\1.1.0\apiguardian-api-1.1.0.jar;D:\apache-maven-3.3.9\repository\org\junit\platform\junit-platform-engine\1.6.2\junit-platform-engine-1.6.2.jar;D:\apache-maven-3.3.9\repository\junit\junit\4.13\junit-4.13.jar;D:\apache-maven-3.3.9\repository\org\mockito\mockito-core\3.3.3\mockito-core-3.3.3.jar;D:\apache-maven-3.3.9\repository\net\bytebuddy\byte-buddy\1.10.14\byte-buddy-1.10.14.jar;D:\apache-maven-3.3.9\repository\net\bytebuddy\byte-buddy-agent\1.10.14\byte-buddy-agent-1.10.14.jar;D:\apache-maven-3.3.9\repository\org\objenesis\objenesis\2.6\objenesis-2.6.jar;D:\apache-maven-3.3.9\repository\org\mockito\mockito-junit-jupiter\3.3.3\mockito-junit-jupiter-3.3.3.jar;D:\apache-maven-3.3.9\repository\org\skyscreamer\jsonassert\1.5.0\jsonassert-1.5.0.jar;D:\apache-maven-3.3.9\repository\com\vaadin\external\google\android-json\0.0.20131108.vaadin1\android-json-0.0.20131108.vaadin1.jar;D:\apache-maven-3.3.9\repository\org\springframework\spring-core\5.2.8.RELEASE\spring-core-5.2.8.RELEASE.jar;D:\apache-maven-3.3.9\repository\org\springframework\spring-jcl\5.2.8.RELEASE\spring-jcl-5.2.8.RELEASE.jar;D:\apache-maven-3.3.9\repository\org\springframework\spring-test\5.2.8.RELEASE\spring-test-5.2.8.RELEASE.jar;D:\apache-maven-3.3.9\repository\org\xmlunit\xmlunit-core\2.7.0\xmlunit-core-2.7.0.jar;D:\apache-maven-3.3.9\repository\org\apache\poi\poi\4.1.2\poi-4.1.2.jar;D:\apache-maven-3.3.9\repository\commons-codec\commons-codec\1.14\commons-codec-1.14.jar;D:\apache-maven-3.3.9\repository\org\apache\commons\commons-collections4\4.4\commons-collections4-4.4.jar;D:\apache-maven-3.3.9\repository\org\apache\commons\commons-math3\3.6.1\commons-math3-3.6.1.jar;D:\apache-maven-3.3.9\repository\com\zaxxer\SparseBitSet\1.2\SparseBitSet-1.2.jar;D:\apache-maven-3.3.9\repository\org\apache\poi\poi-ooxml-schemas\4.1.2\poi-ooxml-schemas-4.1.2.jar;D:\apache-maven-3.3.9\repository\org\apache\xmlbeans\xmlbeans\3.1.0\xmlbeans-3.1.0.jar;D:\apache-maven-3.3.9\repository\org\apache\poi\poi-ooxml\4.1.2\poi-ooxml-4.1.2.jar;D:\apache-maven-3.3.9\repository\org\apache\commons\commons-compress\1.19\commons-compress-1.19.jar;D:\apache-maven-3.3.9\repository\com\github\virtuald\curvesapi\1.06\curvesapi-1.06.jar;D:\apache-maven-3.3.9\repository\fr\opensagres\xdocreport\xdocreport\2.0.2\xdocreport-2.0.2.jar;D:\apache-maven-3.3.9\repository\org\apache\poi\poi-scratchpad\4.1.2\poi-scratchpad-4.1.2.jar;D:\apache-maven-3.3.9\repository\io\github\draco1023\poi-tl-ext\0.4.2\poi-tl-ext-0.4.2.jar;D:\apache-maven-3.3.9\repository\com\deepoove\poi-tl\1.9.1\poi-tl-1.9.1.jar;D:\apache-maven-3.3.9\repository\org\apache\poi\ooxml-schemas\1.4\ooxml-schemas-1.4.jar;D:\apache-maven-3.3.9\repository\org\apache\commons\commons-lang3\3.10\commons-lang3-3.10.jar;D:\apache-maven-3.3.9\repository\commons-io\commons-io\2.11.0\commons-io-2.11.0.jar;D:\apache-maven-3.3.9\repository\net\sourceforge\cssparser\cssparser\0.9.29\cssparser-0.9.29.jar;D:\apache-maven-3.3.9\repository\org\w3c\css\sac\1.3\sac-1.3.jar;D:\apache-maven-3.3.9\repository\net\sf\saxon\Saxon-HE\11.4\Saxon-HE-11.4.jar;D:\apache-maven-3.3.9\repository\org\xmlresolver\xmlresolver\4.4.3\xmlresolver-4.4.3.jar;D:\apache-maven-3.3.9\repository\org\apache\httpcomponents\client5\httpclient5\5.1.3\httpclient5-5.1.3.jar;D:\apache-maven-3.3.9\repository\org\apache\httpcomponents\core5\httpcore5-h2\5.1.3\httpcore5-h2-5.1.3.jar;D:\apache-maven-3.3.9\repository\org\apache\httpcomponents\core5\httpcore5\5.1.3\httpcore5-5.1.3.jar;D:\apache-maven-3.3.9\repository\xml-apis\xml-apis\1.4.01\xml-apis-1.4.01.jar;D:\apache-maven-3.3.9\repository\org\xmlresolver\xmlresolver\4.4.3\xmlresolver-4.4.3-data.jar;D:\apache-maven-3.3.9\repository\de\rototor\snuggletex\snuggletex-core\1.3.0\snuggletex-core-1.3.0.jar;D:\apache-maven-3.3.9\repository\com\twelvemonkeys\imageio\imageio-batik\3.8.3\imageio-batik-3.8.3.jar;D:\apache-maven-3.3.9\repository\com\twelvemonkeys\imageio\imageio-core\3.8.3\imageio-core-3.8.3.jar;D:\apache-maven-3.3.9\repository\com\twelvemonkeys\common\common-lang\3.8.3\common-lang-3.8.3.jar;D:\apache-maven-3.3.9\repository\com\twelvemonkeys\common\common-io\3.8.3\common-io-3.8.3.jar;D:\apache-maven-3.3.9\repository\com\twelvemonkeys\common\common-image\3.8.3\common-image-3.8.3.jar;D:\apache-maven-3.3.9\repository\org\apache\xmlgraphics\batik-rasterizer-ext\1.15\batik-rasterizer-ext-1.15.jar;D:\apache-maven-3.3.9\repository\org\apache\xmlgraphics\batik-shared-resources\1.15\batik-shared-resources-1.15.jar;D:\apache-maven-3.3.9\repository\org\apache\xmlgraphics\batik-svgrasterizer\1.15\batik-svgrasterizer-1.15.jar;D:\apache-maven-3.3.9\repository\org\apache\xmlgraphics\batik-parser\1.15\batik-parser-1.15.jar;D:\apache-maven-3.3.9\repository\org\apache\xmlgraphics\batik-xml\1.15\batik-xml-1.15.jar;D:\apache-maven-3.3.9\repository\org\apache\xmlgraphics\batik-transcoder\1.15\batik-transcoder-1.15.jar;D:\apache-maven-3.3.9\repository\org\apache\xmlgraphics\batik-svggen\1.15\batik-svggen-1.15.jar;D:\apache-maven-3.3.9\repository\org\apache\xmlgraphics\batik-util\1.15\batik-util-1.15.jar;D:\apache-maven-3.3.9\repository\org\apache\xmlgraphics\batik-constants\1.15\batik-constants-1.15.jar;D:\apache-maven-3.3.9\repository\org\apache\xmlgraphics\batik-i18n\1.15\batik-i18n-1.15.jar;D:\apache-maven-3.3.9\repository\org\apache\xmlgraphics\batik-codec\1.15\batik-codec-1.15.jar;D:\apache-maven-3.3.9\repository\org\apache\xmlgraphics\batik-extension\1.15\batik-extension-1.15.jar;D:\apache-maven-3.3.9\repository\org\apache\xmlgraphics\batik-anim\1.15\batik-anim-1.15.jar;D:\apache-maven-3.3.9\repository\org\apache\xmlgraphics\batik-awt-util\1.15\batik-awt-util-1.15.jar;D:\apache-maven-3.3.9\repository\org\apache\xmlgraphics\xmlgraphics-commons\2.7\xmlgraphics-commons-2.7.jar;D:\apache-maven-3.3.9\repository\commons-logging\commons-logging\1.0.4\commons-logging-1.0.4.jar;D:\apache-maven-3.3.9\repository\org\apache\xmlgraphics\batik-bridge\1.15\batik-bridge-1.15.jar;D:\apache-maven-3.3.9\repository\org\apache\xmlgraphics\batik-script\1.15\batik-script-1.15.jar;D:\apache-maven-3.3.9\repository\org\apache\xmlgraphics\batik-css\1.15\batik-css-1.15.jar;D:\apache-maven-3.3.9\repository\org\apache\xmlgraphics\batik-dom\1.15\batik-dom-1.15.jar;D:\apache-maven-3.3.9\repository\org\apache\xmlgraphics\batik-ext\1.15\batik-ext-1.15.jar;D:\apache-maven-3.3.9\repository\org\apache\xmlgraphics\batik-gvt\1.15\batik-gvt-1.15.jar;D:\apache-maven-3.3.9\repository\org\apache\xmlgraphics\batik-svg-dom\1.15\batik-svg-dom-1.15.jar;D:\apache-maven-3.3.9\repository\xml-apis\xml-apis-ext\1.3.04\xml-apis-ext-1.3.04.jar;D:\apache-maven-3.3.9\repository\org\jsoup\jsoup\1.15.3\jsoup-1.15.3.jar;"/>
    <property name="sun.cpu.endian" value="little"/>
    <property name="user.home" value="C:\Users\guangsheng"/>
    <property name="user.language" value="zh"/>
    <property name="java.specification.vendor" value="Oracle Corporation"/>
    <property name="java.home" value="D:\JavaTools\jdk8\jre"/>
    <property name="basedir" value="D:\ownProject\boot-batch-download-word"/>
    <property name="file.separator" value="\"/>
    <property name="line.separator" value="&#10;"/>
    <property name="java.vm.specification.vendor" value="Oracle Corporation"/>
    <property name="java.specification.name" value="Java Platform API Specification"/>
    <property name="java.awt.graphicsenv" value="sun.awt.Win32GraphicsEnvironment"/>
    <property name="surefire.real.class.path" value="C:\Users\GUANGS~1\AppData\Local\Temp\surefire2601456003333042829\surefirebooter4531715101939812658.jar"/>
    <property name="sun.boot.class.path" value="D:\JavaTools\jdk8\jre\lib\resources.jar;D:\JavaTools\jdk8\jre\lib\rt.jar;D:\JavaTools\jdk8\jre\lib\sunrsasign.jar;D:\JavaTools\jdk8\jre\lib\jsse.jar;D:\JavaTools\jdk8\jre\lib\jce.jar;D:\JavaTools\jdk8\jre\lib\charsets.jar;D:\JavaTools\jdk8\jre\lib\jfr.jar;D:\JavaTools\jdk8\jre\classes"/>
    <property name="user.script" value=""/>
    <property name="sun.management.compiler" value="HotSpot 64-Bit Tiered Compilers"/>
    <property name="java.runtime.version" value="1.8.0_271-b09"/>
    <property name="user.name" value="guangsheng"/>
    <property name="path.separator" value=";"/>
    <property name="os.version" value="10.0"/>
    <property name="java.endorsed.dirs" value="D:\JavaTools\jdk8\jre\lib\endorsed"/>
    <property name="java.runtime.name" value="Java(TM) SE Runtime Environment"/>
    <property name="file.encoding" value="GBK"/>
    <property name="java.vm.name" value="Java HotSpot(TM) 64-Bit Server VM"/>
    <property name="localRepository" value="D:\apache-maven-3.3.9\repository"/>
    <property name="java.vendor.url.bug" value="http://bugreport.sun.com/bugreport/"/>
    <property name="java.io.tmpdir" value="C:\Users\GUANGS~1\AppData\Local\Temp\"/>
    <property name="idea.version" value="2021.3.2"/>
    <property name="java.version" value="1.8.0_271"/>
    <property name="user.dir" value="D:\ownProject\boot-batch-download-word"/>
    <property name="os.arch" value="amd64"/>
    <property name="java.vm.specification.name" value="Java Virtual Machine Specification"/>
    <property name="java.awt.printerjob" value="sun.awt.windows.WPrinterJob"/>
    <property name="sun.os.patch.level" value=""/>
    <property name="java.library.path" value="D:\JavaTools\jdk8\jre\bin;C:\WINDOWS\Sun\Java\bin;C:\WINDOWS\system32;C:\WINDOWS;D:\JavaTools\VMWare\bin\;C:\windows\system32;C:\windows;C:\windows\System32\Wbem;C:\windows\System32\WindowsPowerShell\v1.0\;C:\windows\System32\OpenSSH\;C:\Program Files (x86)\NVIDIA Corporation\PhysX\Common;C:\Program Files\NVIDIA Corporation\NVIDIA NvDLISR;C:\Program Files\Bandizip\;D:\apache-maven-3.3.9\bin;D:\JavaTools\jdk8\bin;D:\JavaTools\Git\cmd;D:\JavaTools\ffmpeg-master-latest-win64-gpl\bin;C:\Program Files\TortoiseSVN\bin;C:\Python27\;;C:\WINDOWS\system32;C:\WINDOWS;C:\WINDOWS\System32\Wbem;C:\WINDOWS\System32\WindowsPowerShell\v1.0\;C:\WINDOWS\System32\OpenSSH\;C:\Program Files\nodejs\;C:\Users\guangsheng\AppData\Local\Microsoft\WindowsApps;C:\Users\guangsheng\AppData\Roaming\npm;."/>
    <property name="java.vm.info" value="mixed mode"/>
    <property name="java.vendor" value="Oracle Corporation"/>
    <property name="java.vm.version" value="25.271-b09"/>
    <property name="java.ext.dirs" value="D:\JavaTools\jdk8\jre\lib\ext;C:\WINDOWS\Sun\Java\lib\ext"/>
    <property name="sun.io.unicode.encoding" value="UnicodeLittle"/>
    <property name="maven.repo.local" value="D:\apache-maven-3.3.9\repository"/>
    <property name="java.class.version" value="52.0"/>
  </properties>
  <testcase name="contextLoads" classname="com.muyangren.BootBatchDownloadWordApplicationTests" time="0.17"/>
</testsuite>